<?xml version="1.0" encoding="UTF-8"?>
<!-- Generated by org.testng.reporters.JUnitReportReporter -->
<testsuite hostname="DELL" failures="0" tests="1" name="KiteTest.Test_class" time="30.839" errors="0" timestamp="2022-09-02T15:24:40 IST" skipped="0">
  <testcase classname="KiteTest.Test_class" name="verifyUserID" time="30.839"/>
  <system-out>
    <![CDATA[running verify user id]]>
  </system-out>
</testsuite> <!-- KiteTest.Test_class -->
